<?xml version="1.0" encoding="UTF-8"?>
<testsuite name="com.example.demo.DemoApplicationTests" tests="1" skipped="0" failures="0" errors="0" timestamp="2024-10-22T16:35:37" hostname="DESKTOP-E8M1HBK" time="0.971">
  <properties/>
  <testcase name="contextLoads()" classname="com.example.demo.DemoApplicationTests" time="0.971"/>
  <system-out><![CDATA[20:35:33.170 [Test worker] INFO org.springframework.test.context.support.AnnotationConfigContextLoaderUtils -- Could not detect default configuration classes for test class [com.example.demo.DemoApplicationTests]: DemoApplicationTests does not declare any static, non-private, non-final, nested classes annotated with @Configuration.
20:35:33.288 [Test worker] INFO org.springframework.boot.test.context.SpringBootTestContextBootstrapper -- Found @SpringBootConfiguration com.example.demo.DemoApplication for test class com.example.demo.DemoApplicationTests

  .   ____          _            __ _ _
 /\\ / ___'_ __ _ _(_)_ __  __ _ \ \ \ \
( ( )\___ | '_ | '_| | '_ \/ _` | \ \ \ \
 \\/  ___)| |_)| | | | | || (_| |  ) ) ) )
  '  |____| .__|_| |_|_| |_\__, | / / / /
 =========|_|==============|___/=/_/_/_/

 :: Spring Boot ::                (v3.3.4)

2024-10-22T20:35:33.752+04:00  INFO 18620 --- [    Test worker] com.example.demo.DemoApplicationTests    : Starting DemoApplicationTests using Java 17.0.11 with PID 18620 (started by NitghtWay in P:\doEDating\backend)
2024-10-22T20:35:33.754+04:00  INFO 18620 --- [    Test worker] com.example.demo.DemoApplicationTests    : No active profile set, falling back to 1 default profile: "default"
2024-10-22T20:35:34.604+04:00  INFO 18620 --- [    Test worker] .s.d.r.c.RepositoryConfigurationDelegate : Bootstrapping Spring Data R2DBC repositories in DEFAULT mode.
2024-10-22T20:35:34.759+04:00  INFO 18620 --- [    Test worker] .s.d.r.c.RepositoryConfigurationDelegate : Finished Spring Data repository scanning in 149 ms. Found 1 R2DBC repository interface.
2024-10-22T20:35:37.214+04:00  INFO 18620 --- [    Test worker] org.flywaydb.core.FlywayExecutor         : Database: jdbc:postgresql://localhost:5432/demo_db (PostgreSQL 16.0)
2024-10-22T20:35:37.288+04:00  INFO 18620 --- [    Test worker] o.f.core.internal.command.DbValidate     : Successfully validated 1 migration (execution time 00:00.041s)
2024-10-22T20:35:37.330+04:00  INFO 18620 --- [    Test worker] o.f.core.internal.command.DbMigrate      : Current version of schema "public": 1
2024-10-22T20:35:37.336+04:00  INFO 18620 --- [    Test worker] o.f.core.internal.command.DbMigrate      : Schema "public" is up to date. No migration necessary.
2024-10-22T20:35:37.577+04:00  INFO 18620 --- [    Test worker] com.example.demo.DemoApplicationTests    : Started DemoApplicationTests in 4.117 seconds (process running for 5.399)
]]></system-out>
  <system-err><![CDATA[]]></system-err>
</testsuite>
